<?xml version="1.0" encoding="UTF-8"?>
<testsuite name="com.assignment.endtoendtest.specification.APITestSpec" tests="14" skipped="0" failures="2" errors="0" timestamp="2021-11-07T07:48:13" hostname="LAPTOP-5KCDSVJ7" time="6.652">
  <properties/>
  <testcase name="(001) Get Directions" classname="com.assignment.endtoendtest.specification.APITestSpec" time="1.174"/>
  <testcase name="(002) Get Directions" classname="com.assignment.endtoendtest.specification.APITestSpec" time="0.345"/>
  <testcase name="(003) Get Directions" classname="com.assignment.endtoendtest.specification.APITestSpec" time="0.259">
    <failure message="java.lang.NullPointerException: Cannot invoke method parse() on null object" type="java.lang.NullPointerException">java.lang.NullPointerException: Cannot invoke method parse() on null object
	at com.assignment.endtoendtest.specification.APITestSpec.(#scenarioSerial) Get Directions(APITestSpec.groovy:44)
</failure>
  </testcase>
  <testcase name="(004) Get Directions" classname="com.assignment.endtoendtest.specification.APITestSpec" time="0.226"/>
  <testcase name="(005) Get Directions" classname="com.assignment.endtoendtest.specification.APITestSpec" time="0.254"/>
  <testcase name="(006) Get Directions" classname="com.assignment.endtoendtest.specification.APITestSpec" time="0.85"/>
  <testcase name="(007) Get Directions" classname="com.assignment.endtoendtest.specification.APITestSpec" time="0.332"/>
  <testcase name="(008) Get Place From Text" classname="com.assignment.endtoendtest.specification.APITestSpec" time="0.611"/>
  <testcase name="(009) Get Place From Text" classname="com.assignment.endtoendtest.specification.APITestSpec" time="0.536"/>
  <testcase name="(010) Get Place From Text" classname="com.assignment.endtoendtest.specification.APITestSpec" time="0.579"/>
  <testcase name="(011) Get Place From Text" classname="com.assignment.endtoendtest.specification.APITestSpec" time="0.542"/>
  <testcase name="(012) Get Place From Text" classname="com.assignment.endtoendtest.specification.APITestSpec" time="0.436"/>
  <testcase name="(013) Get Place From Text" classname="com.assignment.endtoendtest.specification.APITestSpec" time="0.364"/>
  <testcase name="(014) Geolocate" classname="com.assignment.endtoendtest.specification.APITestSpec" time="0.137">
    <failure message="java.lang.NullPointerException: Cannot invoke method statusCode() on null object" type="java.lang.NullPointerException">java.lang.NullPointerException: Cannot invoke method statusCode() on null object
	at com.assignment.endtoendtest.specification.APITestSpec.(#scenarioSerial) Geolocate(APITestSpec.groovy:93)
</failure>
  </testcase>
  <system-out><![CDATA[2021-11-07 13:48:15,568 [Test worker] ERROR com.assignment.endtoendtest.specification.APITestSpec -  Exception occurred : HTTP error fetching URL. Status=400, URL=[https://maps.googleapis.com/maps/api/directions/json?key=AIzaSyAN1hR5ma5FORlM1Paz4pDYbFtSgRjz2z4&destination=ChIJgWsCh7C4VTcRwgRZ3btjpY8&origin=ChIJMdA4aqnv-zkREPTWDpU6-RA]
Stack trace for the exception: [org.jsoup.helper.HttpConnection$Response.execute(HttpConnection.java:890), org.jsoup.helper.HttpConnection$Response.execute(HttpConnection.java:829), org.jsoup.helper.HttpConnection.execute(HttpConnection.java:366), org.jsoup.Connection$execute$2.call(Unknown Source), com.assignment.endtoendtest.httprequesthelper.GoogleApiRequestHelper.getDirections(GoogleApiRequestHelper.groovy:36), com.assignment.endtoendtest.httprequesthelper.GoogleApiRequestHelper$getDirections.call(Unknown Source), com.assignment.endtoendtest.specification.APITestSpec.$spock_feature_0_0(APITestSpec.groovy:43), sun.reflect.NativeMethodAccessorImpl.invoke0(Native Method), sun.reflect.NativeMethodAccessorImpl.invoke(NativeMethodAccessorImpl.java:62), sun.reflect.DelegatingMethodAccessorImpl.invoke(DelegatingMethodAccessorImpl.java:43), java.lang.reflect.Method.invoke(Method.java:498), org.spockframework.util.ReflectionUtil.invokeMethod(ReflectionUtil.java:153), org.spockframework.runtime.model.MethodInfo.invoke(MethodInfo.java:84), org.spockframework.runtime.BaseSpecRunner.invokeRaw(BaseSpecRunner.java:480), org.spockframework.runtime.BaseSpecRunner.invoke(BaseSpecRunner.java:463), org.spockframework.runtime.BaseSpecRunner.runFeatureMethod(BaseSpecRunner.java:405), org.spockframework.runtime.BaseSpecRunner.doRunIteration(BaseSpecRunner.java:324), org.spockframework.runtime.BaseSpecRunner$6.invoke(BaseSpecRunner.java:309), org.spockframework.runtime.extension.MethodInvocation.proceed(MethodInvocation.java:88), org.spockframework.runtime.extension.builtin.AbstractRuleInterceptor$1.evaluate(AbstractRuleInterceptor.java:37), org.junit.rules.TestWatcher$1.evaluate(TestWatcher.java:55), org.spockframework.runtime.extension.builtin.TestRuleInterceptor.intercept(TestRuleInterceptor.java:38), org.spockframework.runtime.extension.MethodInvocation.proceed(MethodInvocation.java:87), org.spockframework.runtime.BaseSpecRunner.invoke(BaseSpecRunner.java:471), org.spockframework.runtime.BaseSpecRunner.runIteration(BaseSpecRunner.java:288), org.spockframework.runtime.BaseSpecRunner.initializeAndRunIteration(BaseSpecRunner.java:278), org.spockframework.runtime.ParameterizedSpecRunner.runIterations(ParameterizedSpecRunner.java:119), org.spockframework.runtime.ParameterizedSpecRunner.runParameterizedFeature(ParameterizedSpecRunner.java:43), org.spockframework.runtime.BaseSpecRunner.doRunFeature(BaseSpecRunner.java:262), org.spockframework.runtime.BaseSpecRunner$5.invoke(BaseSpecRunner.java:246), org.spockframework.runtime.BaseSpecRunner.invokeRaw(BaseSpecRunner.java:480), org.spockframework.runtime.BaseSpecRunner.invoke(BaseSpecRunner.java:463), org.spockframework.runtime.BaseSpecRunner.runFeature(BaseSpecRunner.java:238), org.spockframework.runtime.BaseSpecRunner.runFeatures(BaseSpecRunner.java:188), org.spockframework.runtime.BaseSpecRunner.doRunSpec(BaseSpecRunner.java:98), org.spockframework.runtime.BaseSpecRunner$1.invoke(BaseSpecRunner.java:84), org.spockframework.runtime.BaseSpecRunner.invokeRaw(BaseSpecRunner.java:480), org.spockframework.runtime.BaseSpecRunner.invoke(BaseSpecRunner.java:463), org.spockframework.runtime.BaseSpecRunner.runSpec(BaseSpecRunner.java:76), org.spockframework.runtime.BaseSpecRunner.run(BaseSpecRunner.java:67), org.spockframework.runtime.Sputnik.run(Sputnik.java:63), org.gradle.api.internal.tasks.testing.junit.JUnitTestClassExecutor.runTestClass(JUnitTestClassExecutor.java:110), org.gradle.api.internal.tasks.testing.junit.JUnitTestClassExecutor.execute(JUnitTestClassExecutor.java:58), org.gradle.api.internal.tasks.testing.junit.JUnitTestClassExecutor.execute(JUnitTestClassExecutor.java:38), org.gradle.api.internal.tasks.testing.junit.AbstractJUnitTestClassProcessor.processTestClass(AbstractJUnitTestClassProcessor.java:62), org.gradle.api.internal.tasks.testing.SuiteTestClassProcessor.processTestClass(SuiteTestClassProcessor.java:51), sun.reflect.NativeMethodAccessorImpl.invoke0(Native Method), sun.reflect.NativeMethodAccessorImpl.invoke(NativeMethodAccessorImpl.java:62), sun.reflect.DelegatingMethodAccessorImpl.invoke(DelegatingMethodAccessorImpl.java:43), java.lang.reflect.Method.invoke(Method.java:498), org.gradle.internal.dispatch.ReflectionDispatch.dispatch(ReflectionDispatch.java:36), org.gradle.internal.dispatch.ReflectionDispatch.dispatch(ReflectionDispatch.java:24), org.gradle.internal.dispatch.ContextClassLoaderDispatch.dispatch(ContextClassLoaderDispatch.java:33), org.gradle.internal.dispatch.ProxyDispatchAdapter$DispatchingInvocationHandler.invoke(ProxyDispatchAdapter.java:94), com.sun.proxy.$Proxy2.processTestClass(Unknown Source), org.gradle.api.internal.tasks.testing.worker.TestWorker.processTestClass(TestWorker.java:118), sun.reflect.NativeMethodAccessorImpl.invoke0(Native Method), sun.reflect.NativeMethodAccessorImpl.invoke(NativeMethodAccessorImpl.java:62), sun.reflect.DelegatingMethodAccessorImpl.invoke(DelegatingMethodAccessorImpl.java:43), java.lang.reflect.Method.invoke(Method.java:498), org.gradle.internal.dispatch.ReflectionDispatch.dispatch(ReflectionDispatch.java:36), org.gradle.internal.dispatch.ReflectionDispatch.dispatch(ReflectionDispatch.java:24), org.gradle.internal.remote.internal.hub.MessageHubBackedObjectConnection$DispatchWrapper.dispatch(MessageHubBackedObjectConnection.java:182), org.gradle.internal.remote.internal.hub.MessageHubBackedObjectConnection$DispatchWrapper.dispatch(MessageHubBackedObjectConnection.java:164), org.gradle.internal.remote.internal.hub.MessageHub$Handler.run(MessageHub.java:412), org.gradle.internal.concurrent.ExecutorPolicy$CatchAndRecordFailures.onExecute(ExecutorPolicy.java:64), org.gradle.internal.concurrent.ManagedExecutorImpl$1.run(ManagedExecutorImpl.java:48), java.util.concurrent.ThreadPoolExecutor.runWorker(ThreadPoolExecutor.java:1149), java.util.concurrent.ThreadPoolExecutor$Worker.run(ThreadPoolExecutor.java:624), org.gradle.internal.concurrent.ThreadFactoryImpl$ManagedThreadRunnable.run(ThreadFactoryImpl.java:56), java.lang.Thread.run(Thread.java:748)] 
2021-11-07 13:48:20,462 [Test worker] ERROR com.assignment.endtoendtest.specification.APITestSpec -  Exception occurred : HTTP error fetching URL. Status=404, URL=[https://maps.googleapis.com/geolocation/v1/geolocate]
Stack trace for the exception: [org.jsoup.helper.HttpConnection$Response.execute(HttpConnection.java:890), org.jsoup.helper.HttpConnection$Response.execute(HttpConnection.java:829), org.jsoup.helper.HttpConnection.execute(HttpConnection.java:366), org.jsoup.Connection$execute$2.call(Unknown Source), org.codehaus.groovy.runtime.callsite.CallSiteArray.defaultCall(CallSiteArray.java:45), org.codehaus.groovy.runtime.callsite.AbstractCallSite.call(AbstractCallSite.java:110), org.codehaus.groovy.runtime.callsite.AbstractCallSite.call(AbstractCallSite.java:114), com.assignment.endtoendtest.httprequesthelper.GoogleApiRequestHelper.geolocate(GoogleApiRequestHelper.groovy:97), com.assignment.endtoendtest.httprequesthelper.GoogleApiRequestHelper$geolocate$1.call(Unknown Source), org.codehaus.groovy.runtime.callsite.CallSiteArray.defaultCall(CallSiteArray.java:45), org.codehaus.groovy.runtime.callsite.AbstractCallSite.call(AbstractCallSite.java:110), org.codehaus.groovy.runtime.callsite.AbstractCallSite.call(AbstractCallSite.java:114), com.assignment.endtoendtest.specification.APITestSpec.$spock_feature_0_2(APITestSpec.groovy:92), sun.reflect.NativeMethodAccessorImpl.invoke0(Native Method), sun.reflect.NativeMethodAccessorImpl.invoke(NativeMethodAccessorImpl.java:62), sun.reflect.DelegatingMethodAccessorImpl.invoke(DelegatingMethodAccessorImpl.java:43), java.lang.reflect.Method.invoke(Method.java:498), org.spockframework.util.ReflectionUtil.invokeMethod(ReflectionUtil.java:153), org.spockframework.runtime.model.MethodInfo.invoke(MethodInfo.java:84), org.spockframework.runtime.BaseSpecRunner.invokeRaw(BaseSpecRunner.java:480), org.spockframework.runtime.BaseSpecRunner.invoke(BaseSpecRunner.java:463), org.spockframework.runtime.BaseSpecRunner.runFeatureMethod(BaseSpecRunner.java:405), org.spockframework.runtime.BaseSpecRunner.doRunIteration(BaseSpecRunner.java:324), org.spockframework.runtime.BaseSpecRunner$6.invoke(BaseSpecRunner.java:309), org.spockframework.runtime.extension.MethodInvocation.proceed(MethodInvocation.java:88), org.spockframework.runtime.extension.builtin.AbstractRuleInterceptor$1.evaluate(AbstractRuleInterceptor.java:37), org.junit.rules.TestWatcher$1.evaluate(TestWatcher.java:55), org.spockframework.runtime.extension.builtin.TestRuleInterceptor.intercept(TestRuleInterceptor.java:38), org.spockframework.runtime.extension.MethodInvocation.proceed(MethodInvocation.java:87), org.spockframework.runtime.BaseSpecRunner.invoke(BaseSpecRunner.java:471), org.spockframework.runtime.BaseSpecRunner.runIteration(BaseSpecRunner.java:288), org.spockframework.runtime.BaseSpecRunner.initializeAndRunIteration(BaseSpecRunner.java:278), org.spockframework.runtime.ParameterizedSpecRunner.runIterations(ParameterizedSpecRunner.java:119), org.spockframework.runtime.ParameterizedSpecRunner.runParameterizedFeature(ParameterizedSpecRunner.java:43), org.spockframework.runtime.BaseSpecRunner.doRunFeature(BaseSpecRunner.java:262), org.spockframework.runtime.BaseSpecRunner$5.invoke(BaseSpecRunner.java:246), org.spockframework.runtime.BaseSpecRunner.invokeRaw(BaseSpecRunner.java:480), org.spockframework.runtime.BaseSpecRunner.invoke(BaseSpecRunner.java:463), org.spockframework.runtime.BaseSpecRunner.runFeature(BaseSpecRunner.java:238), org.spockframework.runtime.BaseSpecRunner.runFeatures(BaseSpecRunner.java:188), org.spockframework.runtime.BaseSpecRunner.doRunSpec(BaseSpecRunner.java:98), org.spockframework.runtime.BaseSpecRunner$1.invoke(BaseSpecRunner.java:84), org.spockframework.runtime.BaseSpecRunner.invokeRaw(BaseSpecRunner.java:480), org.spockframework.runtime.BaseSpecRunner.invoke(BaseSpecRunner.java:463), org.spockframework.runtime.BaseSpecRunner.runSpec(BaseSpecRunner.java:76), org.spockframework.runtime.BaseSpecRunner.run(BaseSpecRunner.java:67), org.spockframework.runtime.Sputnik.run(Sputnik.java:63), org.gradle.api.internal.tasks.testing.junit.JUnitTestClassExecutor.runTestClass(JUnitTestClassExecutor.java:110), org.gradle.api.internal.tasks.testing.junit.JUnitTestClassExecutor.execute(JUnitTestClassExecutor.java:58), org.gradle.api.internal.tasks.testing.junit.JUnitTestClassExecutor.execute(JUnitTestClassExecutor.java:38), org.gradle.api.internal.tasks.testing.junit.AbstractJUnitTestClassProcessor.processTestClass(AbstractJUnitTestClassProcessor.java:62), org.gradle.api.internal.tasks.testing.SuiteTestClassProcessor.processTestClass(SuiteTestClassProcessor.java:51), sun.reflect.NativeMethodAccessorImpl.invoke0(Native Method), sun.reflect.NativeMethodAccessorImpl.invoke(NativeMethodAccessorImpl.java:62), sun.reflect.DelegatingMethodAccessorImpl.invoke(DelegatingMethodAccessorImpl.java:43), java.lang.reflect.Method.invoke(Method.java:498), org.gradle.internal.dispatch.ReflectionDispatch.dispatch(ReflectionDispatch.java:36), org.gradle.internal.dispatch.ReflectionDispatch.dispatch(ReflectionDispatch.java:24), org.gradle.internal.dispatch.ContextClassLoaderDispatch.dispatch(ContextClassLoaderDispatch.java:33), org.gradle.internal.dispatch.ProxyDispatchAdapter$DispatchingInvocationHandler.invoke(ProxyDispatchAdapter.java:94), com.sun.proxy.$Proxy2.processTestClass(Unknown Source), org.gradle.api.internal.tasks.testing.worker.TestWorker.processTestClass(TestWorker.java:118), sun.reflect.NativeMethodAccessorImpl.invoke0(Native Method), sun.reflect.NativeMethodAccessorImpl.invoke(NativeMethodAccessorImpl.java:62), sun.reflect.DelegatingMethodAccessorImpl.invoke(DelegatingMethodAccessorImpl.java:43), java.lang.reflect.Method.invoke(Method.java:498), org.gradle.internal.dispatch.ReflectionDispatch.dispatch(ReflectionDispatch.java:36), org.gradle.internal.dispatch.ReflectionDispatch.dispatch(ReflectionDispatch.java:24), org.gradle.internal.remote.internal.hub.MessageHubBackedObjectConnection$DispatchWrapper.dispatch(MessageHubBackedObjectConnection.java:182), org.gradle.internal.remote.internal.hub.MessageHubBackedObjectConnection$DispatchWrapper.dispatch(MessageHubBackedObjectConnection.java:164), org.gradle.internal.remote.internal.hub.MessageHub$Handler.run(MessageHub.java:412), org.gradle.internal.concurrent.ExecutorPolicy$CatchAndRecordFailures.onExecute(ExecutorPolicy.java:64), org.gradle.internal.concurrent.ManagedExecutorImpl$1.run(ManagedExecutorImpl.java:48), java.util.concurrent.ThreadPoolExecutor.runWorker(ThreadPoolExecutor.java:1149), java.util.concurrent.ThreadPoolExecutor$Worker.run(ThreadPoolExecutor.java:624), org.gradle.internal.concurrent.ThreadFactoryImpl$ManagedThreadRunnable.run(ThreadFactoryImpl.java:56), java.lang.Thread.run(Thread.java:748)] 
]]></system-out>
  <system-err><![CDATA[]]></system-err>
</testsuite>
